INFO:comtypes.client._code_cache:Imported existing <module 'comtypes.gen' from 'C:\\Users\\Kyan\\mambaforge\\envs\\cq\\lib\\site-packages\\comtypes\\gen\\__init__.py'>
INFO:comtypes.client._code_cache:Using writeable comtypes cache directory: 'C:\Users\Kyan\mambaforge\envs\cq\lib\site-packages\comtypes\gen'
INFO:root:Unknown command: thank you
INFO:root:Unknown command: speaking in foreign language
INFO:root:Unknown command: at notes the rocket candy is burning well
INFO:root:Unknown command: thats a reminder in three minutes
INFO:comtypes.client._code_cache:Imported existing <module 'comtypes.gen' from 'C:\\Users\\Kyan\\mambaforge\\envs\\cq\\lib\\site-packages\\comtypes\\gen\\__init__.py'>
INFO:comtypes.client._code_cache:Using writeable comtypes cache directory: 'C:\Users\Kyan\mambaforge\envs\cq\lib\site-packages\comtypes\gen'
INFO:comtypes.client._code_cache:Imported existing <module 'comtypes.gen' from 'C:\\Users\\Kyan\\mambaforge\\envs\\cq\\lib\\site-packages\\comtypes\\gen\\__init__.py'>
INFO:comtypes.client._code_cache:Using writeable comtypes cache directory: 'C:\Users\Kyan\mambaforge\envs\cq\lib\site-packages\comtypes\gen'
INFO:comtypes.client._code_cache:Imported existing <module 'comtypes.gen' from 'C:\\Users\\Kyan\\mambaforge\\envs\\cq\\lib\\site-packages\\comtypes\\gen\\__init__.py'>
INFO:comtypes.client._code_cache:Using writeable comtypes cache directory: 'C:\Users\Kyan\mambaforge\envs\cq\lib\site-packages\comtypes\gen'
INFO:comtypes.client._code_cache:Imported existing <module 'comtypes.gen' from 'C:\\Users\\Kyan\\mambaforge\\envs\\cq\\lib\\site-packages\\comtypes\\gen\\__init__.py'>
INFO:comtypes.client._code_cache:Using writeable comtypes cache directory: 'C:\Users\Kyan\mambaforge\envs\cq\lib\site-packages\comtypes\gen'
INFO:comtypes.client._code_cache:Imported existing <module 'comtypes.gen' from 'C:\\Users\\Kyan\\mambaforge\\envs\\cq\\lib\\site-packages\\comtypes\\gen\\__init__.py'>
INFO:comtypes.client._code_cache:Using writeable comtypes cache directory: 'C:\Users\Kyan\mambaforge\envs\cq\lib\site-packages\comtypes\gen'
INFO:comtypes.client._code_cache:Imported existing <module 'comtypes.gen' from 'C:\\Users\\Kyan\\mambaforge\\envs\\cq\\lib\\site-packages\\comtypes\\gen\\__init__.py'>
INFO:comtypes.client._code_cache:Using writeable comtypes cache directory: 'C:\Users\Kyan\mambaforge\envs\cq\lib\site-packages\comtypes\gen'
INFO:comtypes.client._code_cache:Imported existing <module 'comtypes.gen' from 'C:\\Users\\Kyan\\mambaforge\\envs\\cq\\lib\\site-packages\\comtypes\\gen\\__init__.py'>
INFO:comtypes.client._code_cache:Using writeable comtypes cache directory: 'C:\Users\Kyan\mambaforge\envs\cq\lib\site-packages\comtypes\gen'
INFO:comtypes.client._code_cache:Imported existing <module 'comtypes.gen' from 'C:\\Users\\Kyan\\mambaforge\\envs\\cq\\lib\\site-packages\\comtypes\\gen\\__init__.py'>
INFO:comtypes.client._code_cache:Using writeable comtypes cache directory: 'C:\Users\Kyan\mambaforge\envs\cq\lib\site-packages\comtypes\gen'
INFO:comtypes.client._code_cache:Imported existing <module 'comtypes.gen' from 'C:\\Users\\Kyan\\mambaforge\\envs\\cq\\lib\\site-packages\\comtypes\\gen\\__init__.py'>
INFO:comtypes.client._code_cache:Using writeable comtypes cache directory: 'C:\Users\Kyan\mambaforge\envs\cq\lib\site-packages\comtypes\gen'
INFO:comtypes.client._code_cache:Imported existing <module 'comtypes.gen' from 'C:\\Users\\Kyan\\mambaforge\\envs\\cq\\lib\\site-packages\\comtypes\\gen\\__init__.py'>
INFO:comtypes.client._code_cache:Using writeable comtypes cache directory: 'C:\Users\Kyan\mambaforge\envs\cq\lib\site-packages\comtypes\gen'
INFO:comtypes.client._code_cache:Imported existing <module 'comtypes.gen' from 'C:\\Users\\Kyan\\mambaforge\\envs\\cq\\lib\\site-packages\\comtypes\\gen\\__init__.py'>
INFO:comtypes.client._code_cache:Using writeable comtypes cache directory: 'C:\Users\Kyan\mambaforge\envs\cq\lib\site-packages\comtypes\gen'
INFO:comtypes.client._code_cache:Imported existing <module 'comtypes.gen' from 'C:\\Users\\Kyan\\mambaforge\\envs\\cq\\lib\\site-packages\\comtypes\\gen\\__init__.py'>
INFO:comtypes.client._code_cache:Using writeable comtypes cache directory: 'C:\Users\Kyan\mambaforge\envs\cq\lib\site-packages\comtypes\gen'
INFO:comtypes.client._code_cache:Imported existing <module 'comtypes.gen' from 'C:\\Users\\Kyan\\mambaforge\\envs\\cq\\lib\\site-packages\\comtypes\\gen\\__init__.py'>
INFO:comtypes.client._code_cache:Using writeable comtypes cache directory: 'C:\Users\Kyan\mambaforge\envs\cq\lib\site-packages\comtypes\gen'
INFO:comtypes.client._code_cache:Imported existing <module 'comtypes.gen' from 'C:\\Users\\Kyan\\mambaforge\\envs\\cq\\lib\\site-packages\\comtypes\\gen\\__init__.py'>
INFO:comtypes.client._code_cache:Using writeable comtypes cache directory: 'C:\Users\Kyan\mambaforge\envs\cq\lib\site-packages\comtypes\gen'
INFO:comtypes.client._code_cache:Imported existing <module 'comtypes.gen' from 'C:\\Users\\Kyan\\mambaforge\\envs\\cq\\lib\\site-packages\\comtypes\\gen\\__init__.py'>
INFO:comtypes.client._code_cache:Using writeable comtypes cache directory: 'C:\Users\Kyan\mambaforge\envs\cq\lib\site-packages\comtypes\gen'
INFO:comtypes.client._code_cache:Imported existing <module 'comtypes.gen' from 'C:\\Users\\Kyan\\mambaforge\\envs\\cq\\lib\\site-packages\\comtypes\\gen\\__init__.py'>
INFO:comtypes.client._code_cache:Using writeable comtypes cache directory: 'C:\Users\Kyan\mambaforge\envs\cq\lib\site-packages\comtypes\gen'
INFO:comtypes.client._code_cache:Imported existing <module 'comtypes.gen' from 'C:\\Users\\Kyan\\mambaforge\\envs\\cq\\lib\\site-packages\\comtypes\\gen\\__init__.py'>
INFO:comtypes.client._code_cache:Using writeable comtypes cache directory: 'C:\Users\Kyan\mambaforge\envs\cq\lib\site-packages\comtypes\gen'
INFO:comtypes.client._code_cache:Imported existing <module 'comtypes.gen' from 'C:\\Users\\Kyan\\mambaforge\\envs\\cq\\lib\\site-packages\\comtypes\\gen\\__init__.py'>
INFO:comtypes.client._code_cache:Using writeable comtypes cache directory: 'C:\Users\Kyan\mambaforge\envs\cq\lib\site-packages\comtypes\gen'
INFO:comtypes.client._code_cache:Imported existing <module 'comtypes.gen' from 'C:\\Users\\Kyan\\mambaforge\\envs\\cq\\lib\\site-packages\\comtypes\\gen\\__init__.py'>
INFO:comtypes.client._code_cache:Using writeable comtypes cache directory: 'C:\Users\Kyan\mambaforge\envs\cq\lib\site-packages\comtypes\gen'
INFO:comtypes.client._code_cache:Imported existing <module 'comtypes.gen' from 'C:\\Users\\Kyan\\mambaforge\\envs\\cq\\lib\\site-packages\\comtypes\\gen\\__init__.py'>
INFO:comtypes.client._code_cache:Using writeable comtypes cache directory: 'C:\Users\Kyan\mambaforge\envs\cq\lib\site-packages\comtypes\gen'
INFO:comtypes.client._code_cache:Imported existing <module 'comtypes.gen' from 'C:\\Users\\Kyan\\mambaforge\\envs\\cq\\lib\\site-packages\\comtypes\\gen\\__init__.py'>
INFO:comtypes.client._code_cache:Using writeable comtypes cache directory: 'C:\Users\Kyan\mambaforge\envs\cq\lib\site-packages\comtypes\gen'
INFO:comtypes.client._code_cache:Imported existing <module 'comtypes.gen' from 'C:\\Users\\Kyan\\mambaforge\\envs\\cq\\lib\\site-packages\\comtypes\\gen\\__init__.py'>
INFO:comtypes.client._code_cache:Using writeable comtypes cache directory: 'C:\Users\Kyan\mambaforge\envs\cq\lib\site-packages\comtypes\gen'
INFO:comtypes.client._code_cache:Imported existing <module 'comtypes.gen' from 'C:\\Users\\Kyan\\mambaforge\\envs\\cq\\lib\\site-packages\\comtypes\\gen\\__init__.py'>
INFO:comtypes.client._code_cache:Using writeable comtypes cache directory: 'C:\Users\Kyan\mambaforge\envs\cq\lib\site-packages\comtypes\gen'
INFO:comtypes.client._code_cache:Imported existing <module 'comtypes.gen' from 'C:\\Users\\Kyan\\mambaforge\\envs\\cq\\lib\\site-packages\\comtypes\\gen\\__init__.py'>
INFO:comtypes.client._code_cache:Using writeable comtypes cache directory: 'C:\Users\Kyan\mambaforge\envs\cq\lib\site-packages\comtypes\gen'
INFO:comtypes.client._code_cache:Imported existing <module 'comtypes.gen' from 'C:\\Users\\Kyan\\mambaforge\\envs\\cq\\lib\\site-packages\\comtypes\\gen\\__init__.py'>
INFO:comtypes.client._code_cache:Using writeable comtypes cache directory: 'C:\Users\Kyan\mambaforge\envs\cq\lib\site-packages\comtypes\gen'
INFO:comtypes.client._code_cache:Imported existing <module 'comtypes.gen' from 'C:\\Users\\Kyan\\mambaforge\\envs\\cq\\lib\\site-packages\\comtypes\\gen\\__init__.py'>
INFO:comtypes.client._code_cache:Using writeable comtypes cache directory: 'C:\Users\Kyan\mambaforge\envs\cq\lib\site-packages\comtypes\gen'
INFO:comtypes.client._code_cache:Imported existing <module 'comtypes.gen' from 'C:\\Users\\Kyan\\mambaforge\\envs\\cq\\lib\\site-packages\\comtypes\\gen\\__init__.py'>
INFO:comtypes.client._code_cache:Using writeable comtypes cache directory: 'C:\Users\Kyan\mambaforge\envs\cq\lib\site-packages\comtypes\gen'
INFO:comtypes.client._code_cache:Imported existing <module 'comtypes.gen' from 'C:\\Users\\Kyan\\mambaforge\\envs\\cq\\lib\\site-packages\\comtypes\\gen\\__init__.py'>
INFO:comtypes.client._code_cache:Using writeable comtypes cache directory: 'C:\Users\Kyan\mambaforge\envs\cq\lib\site-packages\comtypes\gen'
INFO:comtypes.client._code_cache:Imported existing <module 'comtypes.gen' from 'C:\\Users\\Kyan\\mambaforge\\envs\\cq\\lib\\site-packages\\comtypes\\gen\\__init__.py'>
INFO:comtypes.client._code_cache:Using writeable comtypes cache directory: 'C:\Users\Kyan\mambaforge\envs\cq\lib\site-packages\comtypes\gen'
INFO:comtypes.client._code_cache:Imported existing <module 'comtypes.gen' from 'C:\\Users\\Kyan\\mambaforge\\envs\\cq\\lib\\site-packages\\comtypes\\gen\\__init__.py'>
INFO:comtypes.client._code_cache:Using writeable comtypes cache directory: 'C:\Users\Kyan\mambaforge\envs\cq\lib\site-packages\comtypes\gen'
INFO:comtypes.client._code_cache:Imported existing <module 'comtypes.gen' from 'C:\\Users\\Kyan\\mambaforge\\envs\\cq\\lib\\site-packages\\comtypes\\gen\\__init__.py'>
INFO:comtypes.client._code_cache:Using writeable comtypes cache directory: 'C:\Users\Kyan\mambaforge\envs\cq\lib\site-packages\comtypes\gen'
INFO:comtypes.client._code_cache:Imported existing <module 'comtypes.gen' from 'C:\\Users\\Kyan\\mambaforge\\envs\\cq\\lib\\site-packages\\comtypes\\gen\\__init__.py'>
INFO:comtypes.client._code_cache:Using writeable comtypes cache directory: 'C:\Users\Kyan\mambaforge\envs\cq\lib\site-packages\comtypes\gen'
INFO:comtypes.client._code_cache:Imported existing <module 'comtypes.gen' from 'C:\\Users\\Kyan\\mambaforge\\envs\\cq\\lib\\site-packages\\comtypes\\gen\\__init__.py'>
INFO:comtypes.client._code_cache:Using writeable comtypes cache directory: 'C:\Users\Kyan\mambaforge\envs\cq\lib\site-packages\comtypes\gen'
INFO:comtypes.client._code_cache:Imported existing <module 'comtypes.gen' from 'C:\\Users\\Kyan\\mambaforge\\envs\\cq\\lib\\site-packages\\comtypes\\gen\\__init__.py'>
INFO:comtypes.client._code_cache:Using writeable comtypes cache directory: 'C:\Users\Kyan\mambaforge\envs\cq\lib\site-packages\comtypes\gen'
INFO:comtypes.client._code_cache:Imported existing <module 'comtypes.gen' from 'C:\\Users\\Kyan\\mambaforge\\envs\\cq\\lib\\site-packages\\comtypes\\gen\\__init__.py'>
INFO:comtypes.client._code_cache:Using writeable comtypes cache directory: 'C:\Users\Kyan\mambaforge\envs\cq\lib\site-packages\comtypes\gen'
INFO:comtypes.client._code_cache:Imported existing <module 'comtypes.gen' from 'C:\\Users\\Kyan\\mambaforge\\envs\\cq\\lib\\site-packages\\comtypes\\gen\\__init__.py'>
INFO:comtypes.client._code_cache:Using writeable comtypes cache directory: 'C:\Users\Kyan\mambaforge\envs\cq\lib\site-packages\comtypes\gen'
INFO:comtypes.client._code_cache:Imported existing <module 'comtypes.gen' from 'C:\\Users\\Kyan\\mambaforge\\envs\\cq\\lib\\site-packages\\comtypes\\gen\\__init__.py'>
INFO:comtypes.client._code_cache:Using writeable comtypes cache directory: 'C:\Users\Kyan\mambaforge\envs\cq\lib\site-packages\comtypes\gen'
INFO:comtypes.client._code_cache:Imported existing <module 'comtypes.gen' from 'C:\\Users\\Kyan\\mambaforge\\envs\\cq\\lib\\site-packages\\comtypes\\gen\\__init__.py'>
INFO:comtypes.client._code_cache:Using writeable comtypes cache directory: 'C:\Users\Kyan\mambaforge\envs\cq\lib\site-packages\comtypes\gen'
INFO:comtypes.client._code_cache:Imported existing <module 'comtypes.gen' from 'C:\\Users\\Kyan\\mambaforge\\envs\\cq\\lib\\site-packages\\comtypes\\gen\\__init__.py'>
INFO:comtypes.client._code_cache:Using writeable comtypes cache directory: 'C:\Users\Kyan\mambaforge\envs\cq\lib\site-packages\comtypes\gen'
INFO:comtypes.client._code_cache:Imported existing <module 'comtypes.gen' from 'C:\\Users\\Kyan\\mambaforge\\envs\\cq\\lib\\site-packages\\comtypes\\gen\\__init__.py'>
INFO:comtypes.client._code_cache:Using writeable comtypes cache directory: 'C:\Users\Kyan\mambaforge\envs\cq\lib\site-packages\comtypes\gen'
INFO:comtypes.client._code_cache:Imported existing <module 'comtypes.gen' from 'C:\\Users\\Kyan\\mambaforge\\envs\\cq\\lib\\site-packages\\comtypes\\gen\\__init__.py'>
INFO:comtypes.client._code_cache:Using writeable comtypes cache directory: 'C:\Users\Kyan\mambaforge\envs\cq\lib\site-packages\comtypes\gen'
INFO:comtypes.client._code_cache:Imported existing <module 'comtypes.gen' from 'C:\\Users\\Kyan\\mambaforge\\envs\\cq\\lib\\site-packages\\comtypes\\gen\\__init__.py'>
INFO:comtypes.client._code_cache:Using writeable comtypes cache directory: 'C:\Users\Kyan\mambaforge\envs\cq\lib\site-packages\comtypes\gen'
INFO:comtypes.client._code_cache:Imported existing <module 'comtypes.gen' from 'C:\\Users\\Kyan\\mambaforge\\envs\\cq\\lib\\site-packages\\comtypes\\gen\\__init__.py'>
INFO:comtypes.client._code_cache:Using writeable comtypes cache directory: 'C:\Users\Kyan\mambaforge\envs\cq\lib\site-packages\comtypes\gen'
INFO:comtypes.client._code_cache:Imported existing <module 'comtypes.gen' from 'C:\\Users\\Kyan\\mambaforge\\envs\\cq\\lib\\site-packages\\comtypes\\gen\\__init__.py'>
INFO:comtypes.client._code_cache:Using writeable comtypes cache directory: 'C:\Users\Kyan\mambaforge\envs\cq\lib\site-packages\comtypes\gen'
INFO:comtypes.client._code_cache:Imported existing <module 'comtypes.gen' from 'C:\\Users\\Kyan\\mambaforge\\envs\\cq\\lib\\site-packages\\comtypes\\gen\\__init__.py'>
INFO:comtypes.client._code_cache:Using writeable comtypes cache directory: 'C:\Users\Kyan\mambaforge\envs\cq\lib\site-packages\comtypes\gen'
INFO:comtypes.client._code_cache:Imported existing <module 'comtypes.gen' from 'C:\\Users\\Kyan\\mambaforge\\envs\\cq\\lib\\site-packages\\comtypes\\gen\\__init__.py'>
INFO:comtypes.client._code_cache:Using writeable comtypes cache directory: 'C:\Users\Kyan\mambaforge\envs\cq\lib\site-packages\comtypes\gen'
INFO:comtypes.client._code_cache:Imported existing <module 'comtypes.gen' from 'C:\\Users\\Kyan\\mambaforge\\envs\\cq\\lib\\site-packages\\comtypes\\gen\\__init__.py'>
INFO:comtypes.client._code_cache:Using writeable comtypes cache directory: 'C:\Users\Kyan\mambaforge\envs\cq\lib\site-packages\comtypes\gen'
INFO:comtypes.client._code_cache:Imported existing <module 'comtypes.gen' from 'C:\\Users\\Kyan\\mambaforge\\envs\\cq\\lib\\site-packages\\comtypes\\gen\\__init__.py'>
INFO:comtypes.client._code_cache:Using writeable comtypes cache directory: 'C:\Users\Kyan\mambaforge\envs\cq\lib\site-packages\comtypes\gen'
INFO:comtypes.client._code_cache:Imported existing <module 'comtypes.gen' from 'C:\\Users\\Kyan\\mambaforge\\envs\\cq\\lib\\site-packages\\comtypes\\gen\\__init__.py'>
INFO:comtypes.client._code_cache:Using writeable comtypes cache directory: 'C:\Users\Kyan\mambaforge\envs\cq\lib\site-packages\comtypes\gen'
INFO:comtypes.client._code_cache:Imported existing <module 'comtypes.gen' from 'C:\\Users\\Kyan\\mambaforge\\envs\\cq\\lib\\site-packages\\comtypes\\gen\\__init__.py'>
INFO:comtypes.client._code_cache:Using writeable comtypes cache directory: 'C:\Users\Kyan\mambaforge\envs\cq\lib\site-packages\comtypes\gen'
INFO:comtypes.client._code_cache:Imported existing <module 'comtypes.gen' from 'C:\\Users\\Kyan\\mambaforge\\envs\\cq\\lib\\site-packages\\comtypes\\gen\\__init__.py'>
INFO:comtypes.client._code_cache:Using writeable comtypes cache directory: 'C:\Users\Kyan\mambaforge\envs\cq\lib\site-packages\comtypes\gen'
INFO:comtypes.client._code_cache:Imported existing <module 'comtypes.gen' from 'C:\\Users\\Kyan\\mambaforge\\envs\\cq\\lib\\site-packages\\comtypes\\gen\\__init__.py'>
INFO:comtypes.client._code_cache:Using writeable comtypes cache directory: 'C:\Users\Kyan\mambaforge\envs\cq\lib\site-packages\comtypes\gen'
INFO:comtypes.client._code_cache:Imported existing <module 'comtypes.gen' from 'C:\\Users\\Kyan\\mambaforge\\envs\\cq\\lib\\site-packages\\comtypes\\gen\\__init__.py'>
INFO:comtypes.client._code_cache:Using writeable comtypes cache directory: 'C:\Users\Kyan\mambaforge\envs\cq\lib\site-packages\comtypes\gen'
INFO:comtypes.client._code_cache:Imported existing <module 'comtypes.gen' from 'C:\\Users\\Kyan\\mambaforge\\envs\\cq\\lib\\site-packages\\comtypes\\gen\\__init__.py'>
INFO:comtypes.client._code_cache:Using writeable comtypes cache directory: 'C:\Users\Kyan\mambaforge\envs\cq\lib\site-packages\comtypes\gen'
WARNING:vispy:Although tkinter is already imported, the tkinter backend could not
be used ("Could not import Tkinter or pyopengltk, module(s) not found."). 
Note that running multiple GUI toolkits simultaneously can cause side effects.
WARNING:vispy:SetProcessDpiAwarenessContext() failed: The operation completed successfully.
Qt's default DPI awareness context is DPI_AWARENESS_CONTEXT_PER_MONITOR_AWARE_V2. If you know what you are doing, you can overwrite this default using qt.conf (https://doc.qt.io/qt-6/highdpi.html#configuring-windows).
WARNING:vispy:Cannot make QOpenGLContext current in a different thread
INFO:comtypes.client._code_cache:Imported existing <module 'comtypes.gen' from 'C:\\Users\\Kyan\\mambaforge\\envs\\cq\\lib\\site-packages\\comtypes\\gen\\__init__.py'>
INFO:comtypes.client._code_cache:Using writeable comtypes cache directory: 'C:\Users\Kyan\mambaforge\envs\cq\lib\site-packages\comtypes\gen'
INFO:comtypes.client._code_cache:Imported existing <module 'comtypes.gen' from 'C:\\Users\\Kyan\\mambaforge\\envs\\cq\\lib\\site-packages\\comtypes\\gen\\__init__.py'>
INFO:comtypes.client._code_cache:Using writeable comtypes cache directory: 'C:\Users\Kyan\mambaforge\envs\cq\lib\site-packages\comtypes\gen'
INFO:comtypes.client._code_cache:Imported existing <module 'comtypes.gen' from 'C:\\Users\\Kyan\\mambaforge\\envs\\cq\\lib\\site-packages\\comtypes\\gen\\__init__.py'>
INFO:comtypes.client._code_cache:Using writeable comtypes cache directory: 'C:\Users\Kyan\mambaforge\envs\cq\lib\site-packages\comtypes\gen'
INFO:comtypes.client._code_cache:Imported existing <module 'comtypes.gen' from 'C:\\Users\\Kyan\\mambaforge\\envs\\cq\\lib\\site-packages\\comtypes\\gen\\__init__.py'>
INFO:comtypes.client._code_cache:Using writeable comtypes cache directory: 'C:\Users\Kyan\mambaforge\envs\cq\lib\site-packages\comtypes\gen'
INFO:comtypes.client._code_cache:Imported existing <module 'comtypes.gen' from 'C:\\Users\\Kyan\\mambaforge\\envs\\cq\\lib\\site-packages\\comtypes\\gen\\__init__.py'>
INFO:comtypes.client._code_cache:Using writeable comtypes cache directory: 'C:\Users\Kyan\mambaforge\envs\cq\lib\site-packages\comtypes\gen'
INFO:comtypes.client._code_cache:Imported existing <module 'comtypes.gen' from 'C:\\Users\\Kyan\\mambaforge\\envs\\cq\\lib\\site-packages\\comtypes\\gen\\__init__.py'>
INFO:comtypes.client._code_cache:Using writeable comtypes cache directory: 'C:\Users\Kyan\mambaforge\envs\cq\lib\site-packages\comtypes\gen'
INFO:comtypes.client._code_cache:Imported existing <module 'comtypes.gen' from 'C:\\Users\\Kyan\\mambaforge\\envs\\cq\\lib\\site-packages\\comtypes\\gen\\__init__.py'>
INFO:comtypes.client._code_cache:Using writeable comtypes cache directory: 'C:\Users\Kyan\mambaforge\envs\cq\lib\site-packages\comtypes\gen'
INFO:comtypes.client._code_cache:Imported existing <module 'comtypes.gen' from 'C:\\Users\\Kyan\\mambaforge\\envs\\cq\\lib\\site-packages\\comtypes\\gen\\__init__.py'>
INFO:comtypes.client._code_cache:Using writeable comtypes cache directory: 'C:\Users\Kyan\mambaforge\envs\cq\lib\site-packages\comtypes\gen'
INFO:comtypes.client._code_cache:Imported existing <module 'comtypes.gen' from 'C:\\Users\\Kyan\\mambaforge\\envs\\cq\\lib\\site-packages\\comtypes\\gen\\__init__.py'>
INFO:comtypes.client._code_cache:Using writeable comtypes cache directory: 'C:\Users\Kyan\mambaforge\envs\cq\lib\site-packages\comtypes\gen'
INFO:comtypes.client._code_cache:Imported existing <module 'comtypes.gen' from 'C:\\Users\\Kyan\\mambaforge\\envs\\cq\\lib\\site-packages\\comtypes\\gen\\__init__.py'>
INFO:comtypes.client._code_cache:Using writeable comtypes cache directory: 'C:\Users\Kyan\mambaforge\envs\cq\lib\site-packages\comtypes\gen'
INFO:comtypes.client._code_cache:Imported existing <module 'comtypes.gen' from 'C:\\Users\\Kyan\\mambaforge\\envs\\cq\\lib\\site-packages\\comtypes\\gen\\__init__.py'>
INFO:comtypes.client._code_cache:Using writeable comtypes cache directory: 'C:\Users\Kyan\mambaforge\envs\cq\lib\site-packages\comtypes\gen'
INFO:comtypes.client._code_cache:Imported existing <module 'comtypes.gen' from 'C:\\Users\\Kyan\\mambaforge\\envs\\cq\\lib\\site-packages\\comtypes\\gen\\__init__.py'>
INFO:comtypes.client._code_cache:Using writeable comtypes cache directory: 'C:\Users\Kyan\mambaforge\envs\cq\lib\site-packages\comtypes\gen'
ERROR:root:Transcription error: Whisper failed with code 3221225786: whisper_init_from_file_with_params_no_state: loading model from 'C:\whisper\models\ggml-base.en.bin'
whisper_init_with_params_no_state: use gpu    = 1
whisper_init_with_params_no_state: flash attn = 1
whisper_init_with_params_no_state: gpu_device = 0
whisper_init_with_params_no_state: dtw        = 0
whisper_init_with_params_no_state: devices    = 1
whisper_init_with_params_no_state: backends   = 1
whisper_model_load: loading model
whisper_model_load: n_vocab       = 51864
whisper_model_load: n_audio_ctx   = 1500
whisper_model_load: n_audio_state = 512
whisper_model_load: n_audio_head  = 8
whisper_model_load: n_audio_layer = 6
whisper_model_load: n_text_ctx    = 448
whisper_model_load: n_text_state  = 512
whisper_model_load: n_text_head   = 8
whisper_model_load: n_text_layer  = 6
whisper_model_load: n_mels        = 80
whisper_model_load: ftype         = 1
whisper_model_load: qntvr         = 0
whisper_model_load: type          = 2 (base)
whisper_model_load: adding 1607 extra tokens
whisper_model_load: n_langs       = 99
whisper_model_load:          CPU total size =   147.37 MB
whisper_model_load: model size    =  147.37 MB
whisper_backend_init_gpu: no GPU found
whisper_init_state: kv self size  =    6.29 MB
whisper_init_state: kv cross size =   18.87 MB
whisper_init_state: kv pad  size  =    3.15 MB
whisper_init_state: compute buffer (conv)   =   16.28 MB
whisper_init_state: compute buffer (encode) =   23.09 MB
whisper_init_state: compute buffer (cross)  =    4.66 MB
whisper_init_state: compute buffer (decode) =   96.37 MB

system_info: n_threads = 4 / 16 | WHISPER : COREML = 0 | OPENVINO = 0 | CPU : SSE3 = 1 | SSSE3 = 1 | AVX = 1 | AVX2 = 1 | F16C = 1 | FMA = 1 | OPENMP = 1 | REPACK = 1 | 

main: processing 'audio.wav' (43008 samples, 2.7 sec), 4 threads, 1 processors, 5 beams + best of 5, lang = en, task = transcribe, timestamps = 0 ...


ERROR:root:Transcription error: Whisper failed with code 3221225786: whisper_init_from_file_with_params_no_state: loading model from 'C:\whisper\models\ggml-base.en.bin'
whisper_init_with_params_no_state: use gpu    = 1
whisper_init_with_params_no_state: flash attn = 1
whisper_init_with_params_no_state: gpu_device = 0
whisper_init_with_params_no_state: dtw        = 0
whisper_init_with_params_no_state: devices    = 1
whisper_init_with_params_no_state: backends   = 1
whisper_model_load: loading model
whisper_model_load: n_vocab       = 51864
whisper_model_load: n_audio_ctx   = 1500
whisper_model_load: n_audio_state = 512
whisper_model_load: n_audio_head  = 8
whisper_model_load: n_audio_layer = 6
whisper_model_load: n_text_ctx    = 448
whisper_model_load: n_text_state  = 512
whisper_model_load: n_text_head   = 8
whisper_model_load: n_text_layer  = 6
whisper_model_load: n_mels        = 80
whisper_model_load: ftype         = 1
whisper_model_load: qntvr         = 0
whisper_model_load: type          = 2 (base)
whisper_model_load: adding 1607 extra tokens
whisper_model_load: n_langs       = 99
whisper_model_load:          CPU total size =   147.37 MB

INFO:comtypes.client._code_cache:Imported existing <module 'comtypes.gen' from 'C:\\Users\\Kyan\\mambaforge\\envs\\cq\\lib\\site-packages\\comtypes\\gen\\__init__.py'>
INFO:comtypes.client._code_cache:Using writeable comtypes cache directory: 'C:\Users\Kyan\mambaforge\envs\cq\lib\site-packages\comtypes\gen'
INFO:comtypes.client._code_cache:Imported existing <module 'comtypes.gen' from 'C:\\Users\\Kyan\\mambaforge\\envs\\cq\\lib\\site-packages\\comtypes\\gen\\__init__.py'>
INFO:comtypes.client._code_cache:Using writeable comtypes cache directory: 'C:\Users\Kyan\mambaforge\envs\cq\lib\site-packages\comtypes\gen'
ERROR:root:Transcription error: Whisper failed with code 3221225786: whisper_init_from_file_with_params_no_state: loading model from 'C:\whisper\models\ggml-base.en.bin'
whisper_init_with_params_no_state: use gpu    = 1
whisper_init_with_params_no_state: flash attn = 1
whisper_init_with_params_no_state: gpu_device = 0
whisper_init_with_params_no_state: dtw        = 0
whisper_init_with_params_no_state: devices    = 1
whisper_init_with_params_no_state: backends   = 1
whisper_model_load: loading model
whisper_model_load: n_vocab       = 51864
whisper_model_load: n_audio_ctx   = 1500
whisper_model_load: n_audio_state = 512
whisper_model_load: n_audio_head  = 8
whisper_model_load: n_audio_layer = 6
whisper_model_load: n_text_ctx    = 448
whisper_model_load: n_text_state  = 512
whisper_model_load: n_text_head   = 8
whisper_model_load: n_text_layer  = 6
whisper_model_load: n_mels        = 80
whisper_model_load: ftype         = 1
whisper_model_load: qntvr         = 0
whisper_model_load: type          = 2 (base)
whisper_model_load: adding 1607 extra tokens
whisper_model_load: n_langs       = 99
whisper_model_load:          CPU total size =   147.37 MB
whisper_model_load: model size    =  147.37 MB
whisper_backend_init_gpu: no GPU found
whisper_init_state: kv self size  =    6.29 MB
whisper_init_state: kv cross size =   18.87 MB
whisper_init_state: kv pad  size  =    3.15 MB
whisper_init_state: compute buffer (conv)   =   16.28 MB
whisper_init_state: compute buffer (encode) =   23.09 MB
whisper_init_state: compute buffer (cross)  =    4.66 MB
whisper_init_state: compute buffer (decode) =   96.37 MB

system_info: n_threads = 4 / 16 | WHISPER : COREML = 0 | OPENVINO = 0 | CPU : SSE3 = 1 | SSSE3 = 1 | AVX = 1 | AVX2 = 1 | F16C = 1 | FMA = 1 | OPENMP = 1 | REPACK = 1 | 

main: processing 'audio.wav' (14336 samples, 0.9 sec), 4 threads, 1 processors, 5 beams + best of 5, lang = en, task = transcribe, timestamps = 0 ...


INFO:comtypes.client._code_cache:Imported existing <module 'comtypes.gen' from 'C:\\Users\\Kyan\\mambaforge\\envs\\cq\\lib\\site-packages\\comtypes\\gen\\__init__.py'>
INFO:comtypes.client._code_cache:Using writeable comtypes cache directory: 'C:\Users\Kyan\mambaforge\envs\cq\lib\site-packages\comtypes\gen'
INFO:comtypes.client._code_cache:Imported existing <module 'comtypes.gen' from 'C:\\Users\\Kyan\\mambaforge\\envs\\cq\\lib\\site-packages\\comtypes\\gen\\__init__.py'>
INFO:comtypes.client._code_cache:Using writeable comtypes cache directory: 'C:\Users\Kyan\mambaforge\envs\cq\lib\site-packages\comtypes\gen'
INFO:comtypes.client._code_cache:Imported existing <module 'comtypes.gen' from 'C:\\Users\\Kyan\\mambaforge\\envs\\cq\\lib\\site-packages\\comtypes\\gen\\__init__.py'>
INFO:comtypes.client._code_cache:Using writeable comtypes cache directory: 'C:\Users\Kyan\mambaforge\envs\cq\lib\site-packages\comtypes\gen'
INFO:comtypes.client._code_cache:Imported existing <module 'comtypes.gen' from 'C:\\Users\\Kyan\\mambaforge\\envs\\cq\\lib\\site-packages\\comtypes\\gen\\__init__.py'>
INFO:comtypes.client._code_cache:Using writeable comtypes cache directory: 'C:\Users\Kyan\mambaforge\envs\cq\lib\site-packages\comtypes\gen'
INFO:comtypes.client._code_cache:Imported existing <module 'comtypes.gen' from 'C:\\Users\\Kyan\\mambaforge\\envs\\cq\\lib\\site-packages\\comtypes\\gen\\__init__.py'>
INFO:comtypes.client._code_cache:Using writeable comtypes cache directory: 'C:\Users\Kyan\mambaforge\envs\cq\lib\site-packages\comtypes\gen'
INFO:comtypes.client._code_cache:Imported existing <module 'comtypes.gen' from 'C:\\Users\\Kyan\\mambaforge\\envs\\cq\\lib\\site-packages\\comtypes\\gen\\__init__.py'>
INFO:comtypes.client._code_cache:Using writeable comtypes cache directory: 'C:\Users\Kyan\mambaforge\envs\cq\lib\site-packages\comtypes\gen'
INFO:comtypes.client._code_cache:Imported existing <module 'comtypes.gen' from 'C:\\Users\\Kyan\\mambaforge\\envs\\cq\\lib\\site-packages\\comtypes\\gen\\__init__.py'>
INFO:comtypes.client._code_cache:Using writeable comtypes cache directory: 'C:\Users\Kyan\mambaforge\envs\cq\lib\site-packages\comtypes\gen'
INFO:comtypes.client._code_cache:Imported existing <module 'comtypes.gen' from 'C:\\Users\\Kyan\\mambaforge\\envs\\cq\\lib\\site-packages\\comtypes\\gen\\__init__.py'>
INFO:comtypes.client._code_cache:Using writeable comtypes cache directory: 'C:\Users\Kyan\mambaforge\envs\cq\lib\site-packages\comtypes\gen'
INFO:comtypes.client._code_cache:Imported existing <module 'comtypes.gen' from 'C:\\Users\\Kyan\\mambaforge\\envs\\cq\\lib\\site-packages\\comtypes\\gen\\__init__.py'>
INFO:comtypes.client._code_cache:Using writeable comtypes cache directory: 'C:\Users\Kyan\mambaforge\envs\cq\lib\site-packages\comtypes\gen'
INFO:comtypes.client._code_cache:Imported existing <module 'comtypes.gen' from 'C:\\Users\\Kyan\\mambaforge\\envs\\cq\\lib\\site-packages\\comtypes\\gen\\__init__.py'>
INFO:comtypes.client._code_cache:Using writeable comtypes cache directory: 'C:\Users\Kyan\mambaforge\envs\cq\lib\site-packages\comtypes\gen'
INFO:comtypes.client._code_cache:Imported existing <module 'comtypes.gen' from 'C:\\Users\\Kyan\\mambaforge\\envs\\cq\\lib\\site-packages\\comtypes\\gen\\__init__.py'>
INFO:comtypes.client._code_cache:Using writeable comtypes cache directory: 'C:\Users\Kyan\mambaforge\envs\cq\lib\site-packages\comtypes\gen'
INFO:comtypes.client._code_cache:Imported existing <module 'comtypes.gen' from 'C:\\Users\\Kyan\\mambaforge\\envs\\cq\\lib\\site-packages\\comtypes\\gen\\__init__.py'>
INFO:comtypes.client._code_cache:Using writeable comtypes cache directory: 'C:\Users\Kyan\mambaforge\envs\cq\lib\site-packages\comtypes\gen'
INFO:comtypes.client._code_cache:Imported existing <module 'comtypes.gen' from 'C:\\Users\\Kyan\\mambaforge\\envs\\cq\\lib\\site-packages\\comtypes\\gen\\__init__.py'>
INFO:comtypes.client._code_cache:Using writeable comtypes cache directory: 'C:\Users\Kyan\mambaforge\envs\cq\lib\site-packages\comtypes\gen'
INFO:comtypes.client._code_cache:Imported existing <module 'comtypes.gen' from 'C:\\Users\\Kyan\\mambaforge\\envs\\cq\\lib\\site-packages\\comtypes\\gen\\__init__.py'>
INFO:comtypes.client._code_cache:Using writeable comtypes cache directory: 'C:\Users\Kyan\mambaforge\envs\cq\lib\site-packages\comtypes\gen'
INFO:comtypes.client._code_cache:Imported existing <module 'comtypes.gen' from 'C:\\Users\\Kyan\\mambaforge\\envs\\cq\\lib\\site-packages\\comtypes\\gen\\__init__.py'>
INFO:comtypes.client._code_cache:Using writeable comtypes cache directory: 'C:\Users\Kyan\mambaforge\envs\cq\lib\site-packages\comtypes\gen'
INFO:comtypes.client._code_cache:Imported existing <module 'comtypes.gen' from 'C:\\Users\\Kyan\\mambaforge\\envs\\cq\\lib\\site-packages\\comtypes\\gen\\__init__.py'>
INFO:comtypes.client._code_cache:Using writeable comtypes cache directory: 'C:\Users\Kyan\mambaforge\envs\cq\lib\site-packages\comtypes\gen'
INFO:comtypes.client._code_cache:Imported existing <module 'comtypes.gen' from 'C:\\Users\\Kyan\\mambaforge\\envs\\cq\\lib\\site-packages\\comtypes\\gen\\__init__.py'>
INFO:comtypes.client._code_cache:Using writeable comtypes cache directory: 'C:\Users\Kyan\mambaforge\envs\cq\lib\site-packages\comtypes\gen'
INFO:comtypes.client._code_cache:Imported existing <module 'comtypes.gen' from 'C:\\Users\\Kyan\\mambaforge\\envs\\cq\\lib\\site-packages\\comtypes\\gen\\__init__.py'>
INFO:comtypes.client._code_cache:Using writeable comtypes cache directory: 'C:\Users\Kyan\mambaforge\envs\cq\lib\site-packages\comtypes\gen'
INFO:comtypes.client._code_cache:Imported existing <module 'comtypes.gen' from 'C:\\Users\\Kyan\\mambaforge\\envs\\cq\\lib\\site-packages\\comtypes\\gen\\__init__.py'>
INFO:comtypes.client._code_cache:Using writeable comtypes cache directory: 'C:\Users\Kyan\mambaforge\envs\cq\lib\site-packages\comtypes\gen'
INFO:comtypes.client._code_cache:Imported existing <module 'comtypes.gen' from 'C:\\Users\\Kyan\\mambaforge\\envs\\cq\\lib\\site-packages\\comtypes\\gen\\__init__.py'>
INFO:comtypes.client._code_cache:Using writeable comtypes cache directory: 'C:\Users\Kyan\mambaforge\envs\cq\lib\site-packages\comtypes\gen'
INFO:comtypes.client._code_cache:Imported existing <module 'comtypes.gen' from 'C:\\Users\\Kyan\\mambaforge\\envs\\cq\\lib\\site-packages\\comtypes\\gen\\__init__.py'>
INFO:comtypes.client._code_cache:Using writeable comtypes cache directory: 'C:\Users\Kyan\mambaforge\envs\cq\lib\site-packages\comtypes\gen'
INFO:comtypes.client._code_cache:Imported existing <module 'comtypes.gen' from 'C:\\Users\\Kyan\\mambaforge\\envs\\cq\\lib\\site-packages\\comtypes\\gen\\__init__.py'>
INFO:comtypes.client._code_cache:Using writeable comtypes cache directory: 'C:\Users\Kyan\mambaforge\envs\cq\lib\site-packages\comtypes\gen'
INFO:comtypes.client._code_cache:Imported existing <module 'comtypes.gen' from 'C:\\Users\\Kyan\\mambaforge\\envs\\cq\\lib\\site-packages\\comtypes\\gen\\__init__.py'>
INFO:comtypes.client._code_cache:Using writeable comtypes cache directory: 'C:\Users\Kyan\mambaforge\envs\cq\lib\site-packages\comtypes\gen'
INFO:comtypes.client._code_cache:Imported existing <module 'comtypes.gen' from 'C:\\Users\\Kyan\\mambaforge\\envs\\cq\\lib\\site-packages\\comtypes\\gen\\__init__.py'>
INFO:comtypes.client._code_cache:Using writeable comtypes cache directory: 'C:\Users\Kyan\mambaforge\envs\cq\lib\site-packages\comtypes\gen'
INFO:comtypes.client._code_cache:Imported existing <module 'comtypes.gen' from 'C:\\Users\\Kyan\\mambaforge\\envs\\cq\\lib\\site-packages\\comtypes\\gen\\__init__.py'>
INFO:comtypes.client._code_cache:Using writeable comtypes cache directory: 'C:\Users\Kyan\mambaforge\envs\cq\lib\site-packages\comtypes\gen'
INFO:comtypes.client._code_cache:Imported existing <module 'comtypes.gen' from 'C:\\Users\\Kyan\\mambaforge\\envs\\cq\\lib\\site-packages\\comtypes\\gen\\__init__.py'>
INFO:comtypes.client._code_cache:Using writeable comtypes cache directory: 'C:\Users\Kyan\mambaforge\envs\cq\lib\site-packages\comtypes\gen'
INFO:comtypes.client._code_cache:Imported existing <module 'comtypes.gen' from 'C:\\Users\\Kyan\\mambaforge\\envs\\cq\\lib\\site-packages\\comtypes\\gen\\__init__.py'>
INFO:comtypes.client._code_cache:Using writeable comtypes cache directory: 'C:\Users\Kyan\mambaforge\envs\cq\lib\site-packages\comtypes\gen'
INFO:comtypes.client._code_cache:Imported existing <module 'comtypes.gen' from 'C:\\Users\\Kyan\\mambaforge\\envs\\cq\\lib\\site-packages\\comtypes\\gen\\__init__.py'>
INFO:comtypes.client._code_cache:Using writeable comtypes cache directory: 'C:\Users\Kyan\mambaforge\envs\cq\lib\site-packages\comtypes\gen'
INFO:comtypes.client._code_cache:Imported existing <module 'comtypes.gen' from 'C:\\Users\\Kyan\\mambaforge\\envs\\cq\\lib\\site-packages\\comtypes\\gen\\__init__.py'>
INFO:comtypes.client._code_cache:Using writeable comtypes cache directory: 'C:\Users\Kyan\mambaforge\envs\cq\lib\site-packages\comtypes\gen'
INFO:comtypes.client._code_cache:Imported existing <module 'comtypes.gen' from 'C:\\Users\\Kyan\\mambaforge\\envs\\cq\\lib\\site-packages\\comtypes\\gen\\__init__.py'>
INFO:comtypes.client._code_cache:Using writeable comtypes cache directory: 'C:\Users\Kyan\mambaforge\envs\cq\lib\site-packages\comtypes\gen'
INFO:comtypes.client._code_cache:Imported existing <module 'comtypes.gen' from 'C:\\Users\\Kyan\\mambaforge\\envs\\cq\\lib\\site-packages\\comtypes\\gen\\__init__.py'>
INFO:comtypes.client._code_cache:Using writeable comtypes cache directory: 'C:\Users\Kyan\mambaforge\envs\cq\lib\site-packages\comtypes\gen'
INFO:comtypes.client._code_cache:Imported existing <module 'comtypes.gen' from 'C:\\Users\\Kyan\\mambaforge\\envs\\cq\\lib\\site-packages\\comtypes\\gen\\__init__.py'>
INFO:comtypes.client._code_cache:Using writeable comtypes cache directory: 'C:\Users\Kyan\mambaforge\envs\cq\lib\site-packages\comtypes\gen'
INFO:comtypes.client._code_cache:Imported existing <module 'comtypes.gen' from 'C:\\Users\\Kyan\\mambaforge\\envs\\cq\\lib\\site-packages\\comtypes\\gen\\__init__.py'>
INFO:comtypes.client._code_cache:Using writeable comtypes cache directory: 'C:\Users\Kyan\mambaforge\envs\cq\lib\site-packages\comtypes\gen'
INFO:comtypes.client._code_cache:Imported existing <module 'comtypes.gen' from 'C:\\Users\\Kyan\\mambaforge\\envs\\cq\\lib\\site-packages\\comtypes\\gen\\__init__.py'>
INFO:comtypes.client._code_cache:Using writeable comtypes cache directory: 'C:\Users\Kyan\mambaforge\envs\cq\lib\site-packages\comtypes\gen'
INFO:comtypes.client._code_cache:Imported existing <module 'comtypes.gen' from 'C:\\Users\\Kyan\\mambaforge\\envs\\cq\\lib\\site-packages\\comtypes\\gen\\__init__.py'>
INFO:comtypes.client._code_cache:Using writeable comtypes cache directory: 'C:\Users\Kyan\mambaforge\envs\cq\lib\site-packages\comtypes\gen'
INFO:comtypes.client._code_cache:Imported existing <module 'comtypes.gen' from 'C:\\Users\\Kyan\\mambaforge\\envs\\cq\\lib\\site-packages\\comtypes\\gen\\__init__.py'>
INFO:comtypes.client._code_cache:Using writeable comtypes cache directory: 'C:\Users\Kyan\mambaforge\envs\cq\lib\site-packages\comtypes\gen'
INFO:comtypes.client._code_cache:Imported existing <module 'comtypes.gen' from 'C:\\Users\\Kyan\\mambaforge\\envs\\cq\\lib\\site-packages\\comtypes\\gen\\__init__.py'>
INFO:comtypes.client._code_cache:Using writeable comtypes cache directory: 'C:\Users\Kyan\mambaforge\envs\cq\lib\site-packages\comtypes\gen'
INFO:comtypes.client._code_cache:Imported existing <module 'comtypes.gen' from 'C:\\Users\\Kyan\\mambaforge\\envs\\cq\\lib\\site-packages\\comtypes\\gen\\__init__.py'>
INFO:comtypes.client._code_cache:Using writeable comtypes cache directory: 'C:\Users\Kyan\mambaforge\envs\cq\lib\site-packages\comtypes\gen'
INFO:comtypes.client._code_cache:Imported existing <module 'comtypes.gen' from 'C:\\Users\\Kyan\\mambaforge\\envs\\cq\\lib\\site-packages\\comtypes\\gen\\__init__.py'>
INFO:comtypes.client._code_cache:Using writeable comtypes cache directory: 'C:\Users\Kyan\mambaforge\envs\cq\lib\site-packages\comtypes\gen'
INFO:comtypes.client._code_cache:Imported existing <module 'comtypes.gen' from 'C:\\Users\\Kyan\\mambaforge\\envs\\cq\\lib\\site-packages\\comtypes\\gen\\__init__.py'>
INFO:comtypes.client._code_cache:Using writeable comtypes cache directory: 'C:\Users\Kyan\mambaforge\envs\cq\lib\site-packages\comtypes\gen'
